Analysis & Synthesis report for lg_highlevel
Wed Mar 27 20:59:08 2013
Quartus II 32-bit Version 12.1 Build 177 11/07/2012 SJ Web Edition


---------------------
; Table of Contents ;
---------------------
  1. Legal Notice
  2. Analysis & Synthesis Summary
  3. Analysis & Synthesis Settings
  4. Parallel Compilation
  5. Analysis & Synthesis Source Files Read
  6. Analysis & Synthesis Resource Usage Summary
  7. Analysis & Synthesis Resource Utilization by Entity
  8. Analysis & Synthesis IP Cores Summary
  9. State Machine - |lg_highlevel|Decode:Decode0|ConditionalCode
 10. Registers Removed During Synthesis
 11. Removed Registers Triggering Further Register Optimizations
 12. General Register Statistics
 13. Inverted Register Statistics
 14. Multiplexer Restructuring Statistics (Restructuring Performed)
 15. Parameter Settings for User Entity Instance: pll:pll0|altpll:altpll_component
 16. altpll Parameter Settings by Entity Instance
 17. Port Connectivity Checks: "Decode:Decode0|SignExtension:SE0"
 18. Port Connectivity Checks: "pll:pll0"
 19. Elapsed Time Per Partition
 20. Analysis & Synthesis Messages



----------------
; Legal Notice ;
----------------
Copyright (C) 1991-2012 Altera Corporation
Your use of Altera Corporation's design tools, logic functions 
and other software and tools, and its AMPP partner logic 
functions, and any output files from any of the foregoing 
(including device programming or simulation files), and any 
associated documentation or information are expressly subject 
to the terms and conditions of the Altera Program License 
Subscription Agreement, Altera MegaCore Function License 
Agreement, or other applicable license agreement, including, 
without limitation, that your use is for the sole purpose of 
programming logic devices manufactured by Altera and sold by 
Altera or its authorized distributors.  Please refer to the 
applicable agreement for further details.



+-------------------------------------------------------------------------------+
; Analysis & Synthesis Summary                                                  ;
+------------------------------------+------------------------------------------+
; Analysis & Synthesis Status        ; Successful - Wed Mar 27 20:59:07 2013    ;
; Quartus II 32-bit Version          ; 12.1 Build 177 11/07/2012 SJ Web Edition ;
; Revision Name                      ; lg_highlevel                             ;
; Top-level Entity Name              ; lg_highlevel                             ;
; Family                             ; Cyclone II                               ;
; Total logic elements               ; 29,455                                   ;
;     Total combinational functions  ; 12,998                                   ;
;     Dedicated logic registers      ; 16,826                                   ;
; Total registers                    ; 16826                                    ;
; Total pins                         ; 49                                       ;
; Total virtual pins                 ; 0                                        ;
; Total memory bits                  ; 0                                        ;
; Embedded Multiplier 9-bit elements ; 0                                        ;
; Total PLLs                         ; 1                                        ;
+------------------------------------+------------------------------------------+


+----------------------------------------------------------------------------------------------------------------------+
; Analysis & Synthesis Settings                                                                                        ;
+----------------------------------------------------------------------------+--------------------+--------------------+
; Option                                                                     ; Setting            ; Default Value      ;
+----------------------------------------------------------------------------+--------------------+--------------------+
; Device                                                                     ; EP2C20F484C7       ;                    ;
; Top-level entity name                                                      ; lg_highlevel       ; lg_highlevel       ;
; Family name                                                                ; Cyclone II         ; Cyclone IV GX      ;
; Optimization Technique                                                     ; Speed              ; Balanced           ;
; Perform WYSIWYG Primitive Resynthesis                                      ; On                 ; Off                ;
; Use smart compilation                                                      ; Off                ; Off                ;
; Enable parallel Assembler and TimeQuest Timing Analyzer during compilation ; On                 ; On                 ;
; Enable compact report table                                                ; Off                ; Off                ;
; Restructure Multiplexers                                                   ; Auto               ; Auto               ;
; Create Debugging Nodes for IP Cores                                        ; Off                ; Off                ;
; Preserve fewer node names                                                  ; On                 ; On                 ;
; Disable OpenCore Plus hardware evaluation                                  ; Off                ; Off                ;
; Verilog Version                                                            ; Verilog_2001       ; Verilog_2001       ;
; VHDL Version                                                               ; VHDL_1993          ; VHDL_1993          ;
; State Machine Processing                                                   ; Auto               ; Auto               ;
; Safe State Machine                                                         ; Off                ; Off                ;
; Extract Verilog State Machines                                             ; On                 ; On                 ;
; Extract VHDL State Machines                                                ; On                 ; On                 ;
; Ignore Verilog initial constructs                                          ; Off                ; Off                ;
; Iteration limit for constant Verilog loops                                 ; 5000               ; 5000               ;
; Iteration limit for non-constant Verilog loops                             ; 250                ; 250                ;
; Add Pass-Through Logic to Inferred RAMs                                    ; On                 ; On                 ;
; Infer RAMs from Raw Logic                                                  ; On                 ; On                 ;
; Parallel Synthesis                                                         ; On                 ; On                 ;
; DSP Block Balancing                                                        ; Auto               ; Auto               ;
; NOT Gate Push-Back                                                         ; On                 ; On                 ;
; Power-Up Don't Care                                                        ; On                 ; On                 ;
; Remove Redundant Logic Cells                                               ; Off                ; Off                ;
; Remove Duplicate Registers                                                 ; On                 ; On                 ;
; Ignore CARRY Buffers                                                       ; Off                ; Off                ;
; Ignore CASCADE Buffers                                                     ; Off                ; Off                ;
; Ignore GLOBAL Buffers                                                      ; Off                ; Off                ;
; Ignore ROW GLOBAL Buffers                                                  ; Off                ; Off                ;
; Ignore LCELL Buffers                                                       ; Off                ; Off                ;
; Ignore SOFT Buffers                                                        ; On                 ; On                 ;
; Limit AHDL Integers to 32 Bits                                             ; Off                ; Off                ;
; Carry Chain Length                                                         ; 70                 ; 70                 ;
; Auto Carry Chains                                                          ; On                 ; On                 ;
; Auto Open-Drain Pins                                                       ; On                 ; On                 ;
; Auto ROM Replacement                                                       ; On                 ; On                 ;
; Auto RAM Replacement                                                       ; On                 ; On                 ;
; Auto Shift Register Replacement                                            ; Auto               ; Auto               ;
; Allow Shift Register Merging across Hierarchies                            ; Auto               ; Auto               ;
; Auto Clock Enable Replacement                                              ; On                 ; On                 ;
; Strict RAM Replacement                                                     ; Off                ; Off                ;
; Allow Synchronous Control Signals                                          ; On                 ; On                 ;
; Force Use of Synchronous Clear Signals                                     ; Off                ; Off                ;
; Auto RAM to Logic Cell Conversion                                          ; Off                ; Off                ;
; Auto Resource Sharing                                                      ; Off                ; Off                ;
; Allow Any RAM Size For Recognition                                         ; Off                ; Off                ;
; Allow Any ROM Size For Recognition                                         ; Off                ; Off                ;
; Allow Any Shift Register Size For Recognition                              ; Off                ; Off                ;
; Use LogicLock Constraints during Resource Balancing                        ; On                 ; On                 ;
; Ignore translate_off and synthesis_off directives                          ; Off                ; Off                ;
; Timing-Driven Synthesis                                                    ; Off                ; Off                ;
; Report Parameter Settings                                                  ; On                 ; On                 ;
; Report Source Assignments                                                  ; On                 ; On                 ;
; Report Connectivity Checks                                                 ; On                 ; On                 ;
; Ignore Maximum Fan-Out Assignments                                         ; Off                ; Off                ;
; Synchronization Register Chain Length                                      ; 2                  ; 2                  ;
; PowerPlay Power Optimization                                               ; Normal compilation ; Normal compilation ;
; HDL message level                                                          ; Level2             ; Level2             ;
; Suppress Register Optimization Related Messages                            ; Off                ; Off                ;
; Number of Removed Registers Reported in Synthesis Report                   ; 5000               ; 5000               ;
; Number of Swept Nodes Reported in Synthesis Report                         ; 5000               ; 5000               ;
; Number of Inverted Registers Reported in Synthesis Report                  ; 100                ; 100                ;
; Clock MUX Protection                                                       ; On                 ; On                 ;
; Auto Gated Clock Conversion                                                ; Off                ; Off                ;
; Block Design Naming                                                        ; Auto               ; Auto               ;
; SDC constraint protection                                                  ; Off                ; Off                ;
; Synthesis Effort                                                           ; Auto               ; Auto               ;
; Shift Register Replacement - Allow Asynchronous Clear Signal               ; On                 ; On                 ;
; Pre-Mapping Resynthesis Optimization                                       ; Off                ; Off                ;
; Analysis & Synthesis Message Level                                         ; Medium             ; Medium             ;
; Disable Register Merging Across Hierarchies                                ; Auto               ; Auto               ;
; Resource Aware Inference For Block RAM                                     ; On                 ; On                 ;
; Synthesis Seed                                                             ; 1                  ; 1                  ;
+----------------------------------------------------------------------------+--------------------+--------------------+


Parallel compilation was disabled, but you have multiple processors available. Enable parallel compilation to reduce compilation time.
+-------------------------------------+
; Parallel Compilation                ;
+----------------------------+--------+
; Processors                 ; Number ;
+----------------------------+--------+
; Number detected on machine ; 8      ;
; Maximum allowed            ; 1      ;
+----------------------------+--------+


+----------------------------------------------------------------------------------------------------------------------------------------------------------------------------------------+
; Analysis & Synthesis Source Files Read                                                                                                                                                 ;
+----------------------------------+-----------------+---------------------------------------------+---------------------------------------------------------------------------+---------+
; File Name with User-Entered Path ; Used in Netlist ; File Type                                   ; File Name with Absolute Path                                              ; Library ;
+----------------------------------+-----------------+---------------------------------------------+---------------------------------------------------------------------------+---------+
; seven_segment.v                  ; yes             ; User Verilog HDL File                       ; C:/Users/Chris/Dropbox/CS 3220/Assignment 5/homework5_v3/seven_segment.v  ;         ;
; writeback.v                      ; yes             ; User Verilog HDL File                       ; C:/Users/Chris/Dropbox/CS 3220/Assignment 5/homework5_v3/writeback.v      ;         ;
; memory.v                         ; yes             ; User Verilog HDL File                       ; C:/Users/Chris/Dropbox/CS 3220/Assignment 5/homework5_v3/memory.v         ;         ;
; execute.v                        ; yes             ; User Verilog HDL File                       ; C:/Users/Chris/Dropbox/CS 3220/Assignment 5/homework5_v3/execute.v        ;         ;
; sign_extension.v                 ; yes             ; User Verilog HDL File                       ; C:/Users/Chris/Dropbox/CS 3220/Assignment 5/homework5_v3/sign_extension.v ;         ;
; decode.v                         ; yes             ; User Verilog HDL File                       ; C:/Users/Chris/Dropbox/CS 3220/Assignment 5/homework5_v3/decode.v         ;         ;
; lg_highlevel.v                   ; yes             ; User Verilog HDL File                       ; C:/Users/Chris/Dropbox/CS 3220/Assignment 5/homework5_v3/lg_highlevel.v   ;         ;
; global_def.h                     ; yes             ; User Unspecified File                       ; C:/Users/Chris/Dropbox/CS 3220/Assignment 5/homework5_v3/global_def.h     ;         ;
; fetch.v                          ; yes             ; User Verilog HDL File                       ; C:/Users/Chris/Dropbox/CS 3220/Assignment 5/homework5_v3/fetch.v          ;         ;
; pll.v                            ; yes             ; User Wizard-Generated File                  ; C:/Users/Chris/Dropbox/CS 3220/Assignment 5/homework5_v3/pll.v            ;         ;
; data.hex                         ; yes             ; Auto-Found Hexadecimal (Intel-Format) File  ; C:/Users/Chris/Dropbox/CS 3220/Assignment 5/homework5_v3/data.hex         ;         ;
; grading_asm.hex                  ; yes             ; Auto-Found Hexadecimal (Intel-Format) File  ; C:/Users/Chris/Dropbox/CS 3220/Assignment 5/homework5_v3/grading_asm.hex  ;         ;
; altpll.tdf                       ; yes             ; Megafunction                                ; c:/altera/12.1/quartus/libraries/megafunctions/altpll.tdf                 ;         ;
; aglobal121.inc                   ; yes             ; Megafunction                                ; c:/altera/12.1/quartus/libraries/megafunctions/aglobal121.inc             ;         ;
; stratix_pll.inc                  ; yes             ; Megafunction                                ; c:/altera/12.1/quartus/libraries/megafunctions/stratix_pll.inc            ;         ;
; stratixii_pll.inc                ; yes             ; Megafunction                                ; c:/altera/12.1/quartus/libraries/megafunctions/stratixii_pll.inc          ;         ;
; cycloneii_pll.inc                ; yes             ; Megafunction                                ; c:/altera/12.1/quartus/libraries/megafunctions/cycloneii_pll.inc          ;         ;
+----------------------------------+-----------------+---------------------------------------------+---------------------------------------------------------------------------+---------+


+------------------------------------------------------+
; Analysis & Synthesis Resource Usage Summary          ;
+---------------------------------------------+--------+
; Resource                                    ; Usage  ;
+---------------------------------------------+--------+
; Estimated Total logic elements              ; 29,455 ;
;                                             ;        ;
; Total combinational functions               ; 12998  ;
; Logic element usage by number of LUT inputs ;        ;
;     -- 4 input functions                    ; 11556  ;
;     -- 3 input functions                    ; 687    ;
;     -- <=2 input functions                  ; 755    ;
;                                             ;        ;
; Logic elements by mode                      ;        ;
;     -- normal mode                          ; 12911  ;
;     -- arithmetic mode                      ; 87     ;
;                                             ;        ;
; Total registers                             ; 16826  ;
;     -- Dedicated logic registers            ; 16826  ;
;     -- I/O registers                        ; 0      ;
;                                             ;        ;
; I/O pins                                    ; 49     ;
; Embedded Multiplier 9-bit elements          ; 0      ;
; Total PLLs                                  ; 1      ;
;     -- PLLs                                 ; 1      ;
;                                             ;        ;
; Maximum fan-out                             ; 16794  ;
; Total fan-out                               ; 100284 ;
; Average fan-out                             ; 3.36   ;
+---------------------------------------------+--------+


+--------------------------------------------------------------------------------------------------------------------------------------------------------------------------------------------------------------+
; Analysis & Synthesis Resource Utilization by Entity                                                                                                                                                          ;
+---------------------------------+-------------------+---------------+-------------+--------------+---------+-----------+------+--------------+------------------------------------------------+--------------+
; Compilation Hierarchy Node      ; LC Combinationals ; LC Registers  ; Memory Bits ; DSP Elements ; DSP 9x9 ; DSP 18x18 ; Pins ; Virtual Pins ; Full Hierarchy Name                            ; Library Name ;
+---------------------------------+-------------------+---------------+-------------+--------------+---------+-----------+------+--------------+------------------------------------------------+--------------+
; |lg_highlevel                   ; 12998 (45)        ; 16826 (33)    ; 0           ; 0            ; 0       ; 0         ; 49   ; 0            ; |lg_highlevel                                  ;              ;
;    |Decode:Decode0|             ; 449 (449)         ; 226 (226)     ; 0           ; 0            ; 0       ; 0         ; 0    ; 0            ; |lg_highlevel|Decode:Decode0                   ;              ;
;    |Execute:Execute0|           ; 143 (143)         ; 45 (45)       ; 0           ; 0            ; 0       ; 0         ; 0    ; 0            ; |lg_highlevel|Execute:Execute0                 ;              ;
;    |Fetch:Fetch0|               ; 136 (136)         ; 58 (58)       ; 0           ; 0            ; 0       ; 0         ; 0    ; 0            ; |lg_highlevel|Fetch:Fetch0                     ;              ;
;    |Memory:Memory0|             ; 12196 (12168)     ; 16464 (16464) ; 0           ; 0            ; 0       ; 0         ; 0    ; 0            ; |lg_highlevel|Memory:Memory0                   ;              ;
;       |SevenSeg:sseg0|          ; 7 (7)             ; 0 (0)         ; 0           ; 0            ; 0       ; 0         ; 0    ; 0            ; |lg_highlevel|Memory:Memory0|SevenSeg:sseg0    ;              ;
;       |SevenSeg:sseg1|          ; 7 (7)             ; 0 (0)         ; 0           ; 0            ; 0       ; 0         ; 0    ; 0            ; |lg_highlevel|Memory:Memory0|SevenSeg:sseg1    ;              ;
;       |SevenSeg:sseg2|          ; 7 (7)             ; 0 (0)         ; 0           ; 0            ; 0       ; 0         ; 0    ; 0            ; |lg_highlevel|Memory:Memory0|SevenSeg:sseg2    ;              ;
;       |SevenSeg:sseg3|          ; 7 (7)             ; 0 (0)         ; 0           ; 0            ; 0       ; 0         ; 0    ; 0            ; |lg_highlevel|Memory:Memory0|SevenSeg:sseg3    ;              ;
;    |Writeback:Writeback0|       ; 29 (29)           ; 0 (0)         ; 0           ; 0            ; 0       ; 0         ; 0    ; 0            ; |lg_highlevel|Writeback:Writeback0             ;              ;
;    |pll:pll0|                   ; 0 (0)             ; 0 (0)         ; 0           ; 0            ; 0       ; 0         ; 0    ; 0            ; |lg_highlevel|pll:pll0                         ;              ;
;       |altpll:altpll_component| ; 0 (0)             ; 0 (0)         ; 0           ; 0            ; 0       ; 0         ; 0    ; 0            ; |lg_highlevel|pll:pll0|altpll:altpll_component ;              ;
+---------------------------------+-------------------+---------------+-------------+--------------+---------+-----------+------+--------------+------------------------------------------------+--------------+
Note: For table entries with two numbers listed, the numbers in parentheses indicate the number of resources of the given type used by the specific entity alone. The numbers listed outside of parentheses indicate the total resources of the given type used by the specific entity and all of its sub-entities in the hierarchy.


+---------------------------------------------------------------------------------------------------------------------------------------------------------+
; Analysis & Synthesis IP Cores Summary                                                                                                                   ;
+--------+--------------+---------+--------------+--------------+------------------------+----------------------------------------------------------------+
; Vendor ; IP Core Name ; Version ; Release Date ; License Type ; Entity Instance        ; IP Include File                                                ;
+--------+--------------+---------+--------------+--------------+------------------------+----------------------------------------------------------------+
; Altera ; ALTPLL       ; 12.1    ; N/A          ; N/A          ; |lg_highlevel|pll:pll0 ; C:/Users/Chris/Dropbox/CS 3220/Assignment 5/homework5_v3/pll.v ;
+--------+--------------+---------+--------------+--------------+------------------------+----------------------------------------------------------------+


Encoding Type:  One-Hot
+-------------------------------------------------------------------------------------------------------------+
; State Machine - |lg_highlevel|Decode:Decode0|ConditionalCode                                                ;
+---------------------+---------------------+---------------------+---------------------+---------------------+
; Name                ; ConditionalCode.000 ; ConditionalCode.100 ; ConditionalCode.010 ; ConditionalCode.001 ;
+---------------------+---------------------+---------------------+---------------------+---------------------+
; ConditionalCode.000 ; 0                   ; 0                   ; 0                   ; 0                   ;
; ConditionalCode.001 ; 1                   ; 0                   ; 0                   ; 1                   ;
; ConditionalCode.010 ; 1                   ; 0                   ; 1                   ; 0                   ;
; ConditionalCode.100 ; 1                   ; 1                   ; 0                   ; 0                   ;
+---------------------+---------------------+---------------------+---------------------+---------------------+


+---------------------------------------------------------------------------------------+
; Registers Removed During Synthesis                                                    ;
+-----------------------------------------+---------------------------------------------+
; Register name                           ; Reason for Removal                          ;
+-----------------------------------------+---------------------------------------------+
; Memory:Memory0|O_ALUOut[0]              ; Merged with Memory:Memory0|O_BranchPC[0]    ;
; Memory:Memory0|O_ALUOut[1]              ; Merged with Memory:Memory0|O_BranchPC[1]    ;
; Memory:Memory0|O_ALUOut[2]              ; Merged with Memory:Memory0|O_BranchPC[2]    ;
; Memory:Memory0|O_ALUOut[3]              ; Merged with Memory:Memory0|O_BranchPC[3]    ;
; Memory:Memory0|O_ALUOut[4]              ; Merged with Memory:Memory0|O_BranchPC[4]    ;
; Memory:Memory0|O_ALUOut[5]              ; Merged with Memory:Memory0|O_BranchPC[5]    ;
; Memory:Memory0|O_ALUOut[6]              ; Merged with Memory:Memory0|O_BranchPC[6]    ;
; Memory:Memory0|O_ALUOut[7]              ; Merged with Memory:Memory0|O_BranchPC[7]    ;
; Memory:Memory0|O_ALUOut[8]              ; Merged with Memory:Memory0|O_BranchPC[8]    ;
; Memory:Memory0|O_ALUOut[9]              ; Merged with Memory:Memory0|O_BranchPC[9]    ;
; Memory:Memory0|O_ALUOut[10]             ; Merged with Memory:Memory0|O_BranchPC[10]   ;
; Memory:Memory0|O_ALUOut[11]             ; Merged with Memory:Memory0|O_BranchPC[11]   ;
; Memory:Memory0|O_ALUOut[12]             ; Merged with Memory:Memory0|O_BranchPC[12]   ;
; Memory:Memory0|O_ALUOut[13]             ; Merged with Memory:Memory0|O_BranchPC[13]   ;
; Memory:Memory0|O_ALUOut[14]             ; Merged with Memory:Memory0|O_BranchPC[14]   ;
; Memory:Memory0|O_ALUOut[15]             ; Merged with Memory:Memory0|O_BranchPC[15]   ;
; Decode:Decode0|O_FetchStall             ; Merged with Decode:Decode0|O_DepStall       ;
; Fetch:Fetch0|O_IR[19,23]                ; Stuck at GND due to stuck port data_in      ;
; Decode:Decode0|RF_VALID[8..15]          ; Stuck at VCC due to stuck port data_in      ;
; Decode:Decode0|O_DestRegIdx[3]          ; Stuck at GND due to stuck port data_in      ;
; Execute:Execute0|O_DestRegIdx[3]        ; Stuck at GND due to stuck port data_in      ;
; Memory:Memory0|O_DestRegIdx[3]          ; Stuck at GND due to stuck port data_in      ;
; Decode:Decode0|RF[8][15]                ; Stuck at GND due to stuck port clock_enable ;
; Decode:Decode0|RF[9][15]                ; Stuck at GND due to stuck port clock_enable ;
; Decode:Decode0|RF[10][15]               ; Stuck at GND due to stuck port clock_enable ;
; Decode:Decode0|RF[11][15]               ; Stuck at GND due to stuck port clock_enable ;
; Decode:Decode0|RF[12][15]               ; Stuck at GND due to stuck port clock_enable ;
; Decode:Decode0|RF[13][15]               ; Stuck at GND due to stuck port clock_enable ;
; Decode:Decode0|RF[14][15]               ; Stuck at GND due to stuck port clock_enable ;
; Decode:Decode0|RF[15][15]               ; Stuck at GND due to stuck port clock_enable ;
; Decode:Decode0|RF[8][14]                ; Stuck at GND due to stuck port clock_enable ;
; Decode:Decode0|RF[9][14]                ; Stuck at GND due to stuck port clock_enable ;
; Decode:Decode0|RF[10][14]               ; Stuck at GND due to stuck port clock_enable ;
; Decode:Decode0|RF[11][14]               ; Stuck at GND due to stuck port clock_enable ;
; Decode:Decode0|RF[12][14]               ; Stuck at GND due to stuck port clock_enable ;
; Decode:Decode0|RF[13][14]               ; Stuck at GND due to stuck port clock_enable ;
; Decode:Decode0|RF[14][14]               ; Stuck at GND due to stuck port clock_enable ;
; Decode:Decode0|RF[15][14]               ; Stuck at GND due to stuck port clock_enable ;
; Decode:Decode0|RF[8][13]                ; Stuck at GND due to stuck port clock_enable ;
; Decode:Decode0|RF[9][13]                ; Stuck at GND due to stuck port clock_enable ;
; Decode:Decode0|RF[10][13]               ; Stuck at GND due to stuck port clock_enable ;
; Decode:Decode0|RF[11][13]               ; Stuck at GND due to stuck port clock_enable ;
; Decode:Decode0|RF[12][13]               ; Stuck at GND due to stuck port clock_enable ;
; Decode:Decode0|RF[13][13]               ; Stuck at GND due to stuck port clock_enable ;
; Decode:Decode0|RF[14][13]               ; Stuck at GND due to stuck port clock_enable ;
; Decode:Decode0|RF[15][13]               ; Stuck at GND due to stuck port clock_enable ;
; Decode:Decode0|RF[8][12]                ; Stuck at GND due to stuck port clock_enable ;
; Decode:Decode0|RF[9][12]                ; Stuck at GND due to stuck port clock_enable ;
; Decode:Decode0|RF[10][12]               ; Stuck at GND due to stuck port clock_enable ;
; Decode:Decode0|RF[11][12]               ; Stuck at GND due to stuck port clock_enable ;
; Decode:Decode0|RF[12][12]               ; Stuck at GND due to stuck port clock_enable ;
; Decode:Decode0|RF[13][12]               ; Stuck at GND due to stuck port clock_enable ;
; Decode:Decode0|RF[14][12]               ; Stuck at GND due to stuck port clock_enable ;
; Decode:Decode0|RF[15][12]               ; Stuck at GND due to stuck port clock_enable ;
; Decode:Decode0|RF[8][11]                ; Stuck at GND due to stuck port clock_enable ;
; Decode:Decode0|RF[9][11]                ; Stuck at GND due to stuck port clock_enable ;
; Decode:Decode0|RF[10][11]               ; Stuck at GND due to stuck port clock_enable ;
; Decode:Decode0|RF[11][11]               ; Stuck at GND due to stuck port clock_enable ;
; Decode:Decode0|RF[12][11]               ; Stuck at GND due to stuck port clock_enable ;
; Decode:Decode0|RF[13][11]               ; Stuck at GND due to stuck port clock_enable ;
; Decode:Decode0|RF[14][11]               ; Stuck at GND due to stuck port clock_enable ;
; Decode:Decode0|RF[15][11]               ; Stuck at GND due to stuck port clock_enable ;
; Decode:Decode0|RF[8][10]                ; Stuck at GND due to stuck port clock_enable ;
; Decode:Decode0|RF[9][10]                ; Stuck at GND due to stuck port clock_enable ;
; Decode:Decode0|RF[10][10]               ; Stuck at GND due to stuck port clock_enable ;
; Decode:Decode0|RF[11][10]               ; Stuck at GND due to stuck port clock_enable ;
; Decode:Decode0|RF[12][10]               ; Stuck at GND due to stuck port clock_enable ;
; Decode:Decode0|RF[13][10]               ; Stuck at GND due to stuck port clock_enable ;
; Decode:Decode0|RF[14][10]               ; Stuck at GND due to stuck port clock_enable ;
; Decode:Decode0|RF[15][10]               ; Stuck at GND due to stuck port clock_enable ;
; Decode:Decode0|RF[8][9]                 ; Stuck at GND due to stuck port clock_enable ;
; Decode:Decode0|RF[9][9]                 ; Stuck at GND due to stuck port clock_enable ;
; Decode:Decode0|RF[10][9]                ; Stuck at GND due to stuck port clock_enable ;
; Decode:Decode0|RF[11][9]                ; Stuck at GND due to stuck port clock_enable ;
; Decode:Decode0|RF[12][9]                ; Stuck at GND due to stuck port clock_enable ;
; Decode:Decode0|RF[13][9]                ; Stuck at GND due to stuck port clock_enable ;
; Decode:Decode0|RF[14][9]                ; Stuck at GND due to stuck port clock_enable ;
; Decode:Decode0|RF[15][9]                ; Stuck at GND due to stuck port clock_enable ;
; Decode:Decode0|RF[8][8]                 ; Stuck at GND due to stuck port clock_enable ;
; Decode:Decode0|RF[9][8]                 ; Stuck at GND due to stuck port clock_enable ;
; Decode:Decode0|RF[10][8]                ; Stuck at GND due to stuck port clock_enable ;
; Decode:Decode0|RF[11][8]                ; Stuck at GND due to stuck port clock_enable ;
; Decode:Decode0|RF[12][8]                ; Stuck at GND due to stuck port clock_enable ;
; Decode:Decode0|RF[13][8]                ; Stuck at GND due to stuck port clock_enable ;
; Decode:Decode0|RF[14][8]                ; Stuck at GND due to stuck port clock_enable ;
; Decode:Decode0|RF[15][8]                ; Stuck at GND due to stuck port clock_enable ;
; Decode:Decode0|RF[8][7]                 ; Stuck at GND due to stuck port clock_enable ;
; Decode:Decode0|RF[9][7]                 ; Stuck at GND due to stuck port clock_enable ;
; Decode:Decode0|RF[10][7]                ; Stuck at GND due to stuck port clock_enable ;
; Decode:Decode0|RF[11][7]                ; Stuck at GND due to stuck port clock_enable ;
; Decode:Decode0|RF[12][7]                ; Stuck at GND due to stuck port clock_enable ;
; Decode:Decode0|RF[13][7]                ; Stuck at GND due to stuck port clock_enable ;
; Decode:Decode0|RF[14][7]                ; Stuck at GND due to stuck port clock_enable ;
; Decode:Decode0|RF[15][7]                ; Stuck at GND due to stuck port clock_enable ;
; Decode:Decode0|RF[8][6]                 ; Stuck at GND due to stuck port clock_enable ;
; Decode:Decode0|RF[9][6]                 ; Stuck at GND due to stuck port clock_enable ;
; Decode:Decode0|RF[10][6]                ; Stuck at GND due to stuck port clock_enable ;
; Decode:Decode0|RF[11][6]                ; Stuck at GND due to stuck port clock_enable ;
; Decode:Decode0|RF[12][6]                ; Stuck at GND due to stuck port clock_enable ;
; Decode:Decode0|RF[13][6]                ; Stuck at GND due to stuck port clock_enable ;
; Decode:Decode0|RF[14][6]                ; Stuck at GND due to stuck port clock_enable ;
; Decode:Decode0|RF[15][6]                ; Stuck at GND due to stuck port clock_enable ;
; Decode:Decode0|RF[8][5]                 ; Stuck at GND due to stuck port clock_enable ;
; Decode:Decode0|RF[9][5]                 ; Stuck at GND due to stuck port clock_enable ;
; Decode:Decode0|RF[10][5]                ; Stuck at GND due to stuck port clock_enable ;
; Decode:Decode0|RF[11][5]                ; Stuck at GND due to stuck port clock_enable ;
; Decode:Decode0|RF[12][5]                ; Stuck at GND due to stuck port clock_enable ;
; Decode:Decode0|RF[13][5]                ; Stuck at GND due to stuck port clock_enable ;
; Decode:Decode0|RF[14][5]                ; Stuck at GND due to stuck port clock_enable ;
; Decode:Decode0|RF[15][5]                ; Stuck at GND due to stuck port clock_enable ;
; Decode:Decode0|RF[8][4]                 ; Stuck at GND due to stuck port clock_enable ;
; Decode:Decode0|RF[9][4]                 ; Stuck at GND due to stuck port clock_enable ;
; Decode:Decode0|RF[10][4]                ; Stuck at GND due to stuck port clock_enable ;
; Decode:Decode0|RF[11][4]                ; Stuck at GND due to stuck port clock_enable ;
; Decode:Decode0|RF[12][4]                ; Stuck at GND due to stuck port clock_enable ;
; Decode:Decode0|RF[13][4]                ; Stuck at GND due to stuck port clock_enable ;
; Decode:Decode0|RF[14][4]                ; Stuck at GND due to stuck port clock_enable ;
; Decode:Decode0|RF[15][4]                ; Stuck at GND due to stuck port clock_enable ;
; Decode:Decode0|RF[8][3]                 ; Stuck at GND due to stuck port clock_enable ;
; Decode:Decode0|RF[9][3]                 ; Stuck at GND due to stuck port clock_enable ;
; Decode:Decode0|RF[10][3]                ; Stuck at GND due to stuck port clock_enable ;
; Decode:Decode0|RF[11][3]                ; Stuck at GND due to stuck port clock_enable ;
; Decode:Decode0|RF[12][3]                ; Stuck at GND due to stuck port clock_enable ;
; Decode:Decode0|RF[13][3]                ; Stuck at GND due to stuck port clock_enable ;
; Decode:Decode0|RF[14][3]                ; Stuck at GND due to stuck port clock_enable ;
; Decode:Decode0|RF[15][3]                ; Stuck at GND due to stuck port clock_enable ;
; Decode:Decode0|RF[8][2]                 ; Stuck at GND due to stuck port clock_enable ;
; Decode:Decode0|RF[9][2]                 ; Stuck at GND due to stuck port clock_enable ;
; Decode:Decode0|RF[10][2]                ; Stuck at GND due to stuck port clock_enable ;
; Decode:Decode0|RF[11][2]                ; Stuck at GND due to stuck port clock_enable ;
; Decode:Decode0|RF[12][2]                ; Stuck at GND due to stuck port clock_enable ;
; Decode:Decode0|RF[13][2]                ; Stuck at GND due to stuck port clock_enable ;
; Decode:Decode0|RF[14][2]                ; Stuck at GND due to stuck port clock_enable ;
; Decode:Decode0|RF[15][2]                ; Stuck at GND due to stuck port clock_enable ;
; Decode:Decode0|RF[8][1]                 ; Stuck at GND due to stuck port clock_enable ;
; Decode:Decode0|RF[9][1]                 ; Stuck at GND due to stuck port clock_enable ;
; Decode:Decode0|RF[10][1]                ; Stuck at GND due to stuck port clock_enable ;
; Decode:Decode0|RF[11][1]                ; Stuck at GND due to stuck port clock_enable ;
; Decode:Decode0|RF[12][1]                ; Stuck at GND due to stuck port clock_enable ;
; Decode:Decode0|RF[13][1]                ; Stuck at GND due to stuck port clock_enable ;
; Decode:Decode0|RF[14][1]                ; Stuck at GND due to stuck port clock_enable ;
; Decode:Decode0|RF[15][1]                ; Stuck at GND due to stuck port clock_enable ;
; Decode:Decode0|RF[8][0]                 ; Stuck at GND due to stuck port clock_enable ;
; Decode:Decode0|RF[9][0]                 ; Stuck at GND due to stuck port clock_enable ;
; Decode:Decode0|RF[10][0]                ; Stuck at GND due to stuck port clock_enable ;
; Decode:Decode0|RF[11][0]                ; Stuck at GND due to stuck port clock_enable ;
; Decode:Decode0|RF[12][0]                ; Stuck at GND due to stuck port clock_enable ;
; Decode:Decode0|RF[13][0]                ; Stuck at GND due to stuck port clock_enable ;
; Decode:Decode0|RF[14][0]                ; Stuck at GND due to stuck port clock_enable ;
; Decode:Decode0|RF[15][0]                ; Stuck at GND due to stuck port clock_enable ;
; Fetch:Fetch0|O_IR[31]                   ; Merged with Fetch:Fetch0|O_IR[30]           ;
; Fetch:Fetch0|O_IR[12..15]               ; Merged with Fetch:Fetch0|O_IR[11]           ;
; Decode:Decode0|O_Opcode[6]              ; Merged with Decode:Decode0|O_Opcode[7]      ;
; Fetch:Fetch0|O_IR[5]                    ; Merged with Fetch:Fetch0|O_IR[7]            ;
; Execute:Execute0|O_Opcode[7]            ; Merged with Execute:Execute0|O_Opcode[6]    ;
; Memory:Memory0|O_Opcode[7]              ; Merged with Memory:Memory0|O_Opcode[6]      ;
; Decode:Decode0|ConditionalCode.000      ; Lost fanout                                 ;
; Decode:Decode0|O_Imm[12..15]            ; Merged with Decode:Decode0|O_Imm[11]        ;
; Decode:Decode0|O_Imm[7]                 ; Merged with Decode:Decode0|O_Imm[5]         ;
; Total Number of Removed Registers = 173 ;                                             ;
+-----------------------------------------+---------------------------------------------+


+-------------------------------------------------------------------------------------------------------------------------------------------+
; Removed Registers Triggering Further Register Optimizations                                                                               ;
+-----------------------+---------------------------+---------------------------------------------------------------------------------------+
; Register name         ; Reason for Removal        ; Registers Removed due to This Register                                                ;
+-----------------------+---------------------------+---------------------------------------------------------------------------------------+
; Fetch:Fetch0|O_IR[19] ; Stuck at GND              ; Decode:Decode0|RF_VALID[9], Decode:Decode0|RF_VALID[10], Decode:Decode0|RF_VALID[11], ;
;                       ; due to stuck port data_in ; Decode:Decode0|RF_VALID[12], Decode:Decode0|RF_VALID[13],                             ;
;                       ;                           ; Decode:Decode0|RF_VALID[14], Decode:Decode0|RF_VALID[15],                             ;
;                       ;                           ; Decode:Decode0|O_DestRegIdx[3], Execute:Execute0|O_DestRegIdx[3],                     ;
;                       ;                           ; Memory:Memory0|O_DestRegIdx[3], Decode:Decode0|RF[10][15], Decode:Decode0|RF[11][15], ;
;                       ;                           ; Decode:Decode0|RF[12][15], Decode:Decode0|RF[13][15], Decode:Decode0|RF[14][15],      ;
;                       ;                           ; Decode:Decode0|RF[15][15], Decode:Decode0|RF[10][14], Decode:Decode0|RF[11][14],      ;
;                       ;                           ; Decode:Decode0|RF[12][14], Decode:Decode0|RF[13][14], Decode:Decode0|RF[14][14],      ;
;                       ;                           ; Decode:Decode0|RF[15][14], Decode:Decode0|RF[10][13], Decode:Decode0|RF[11][13],      ;
;                       ;                           ; Decode:Decode0|RF[12][13], Decode:Decode0|RF[13][13], Decode:Decode0|RF[14][13],      ;
;                       ;                           ; Decode:Decode0|RF[15][13], Decode:Decode0|RF[10][12], Decode:Decode0|RF[11][12],      ;
;                       ;                           ; Decode:Decode0|RF[12][12], Decode:Decode0|RF[13][12], Decode:Decode0|RF[14][12],      ;
;                       ;                           ; Decode:Decode0|RF[15][12], Decode:Decode0|RF[10][11], Decode:Decode0|RF[11][11],      ;
;                       ;                           ; Decode:Decode0|RF[12][11], Decode:Decode0|RF[13][11], Decode:Decode0|RF[14][11],      ;
;                       ;                           ; Decode:Decode0|RF[15][11], Decode:Decode0|RF[10][10], Decode:Decode0|RF[11][10],      ;
;                       ;                           ; Decode:Decode0|RF[12][10], Decode:Decode0|RF[13][10], Decode:Decode0|RF[14][10],      ;
;                       ;                           ; Decode:Decode0|RF[15][10], Decode:Decode0|RF[10][9], Decode:Decode0|RF[11][9],        ;
;                       ;                           ; Decode:Decode0|RF[12][9], Decode:Decode0|RF[13][9], Decode:Decode0|RF[14][9],         ;
;                       ;                           ; Decode:Decode0|RF[15][9], Decode:Decode0|RF[10][8], Decode:Decode0|RF[11][8],         ;
;                       ;                           ; Decode:Decode0|RF[12][8], Decode:Decode0|RF[13][8], Decode:Decode0|RF[14][8],         ;
;                       ;                           ; Decode:Decode0|RF[15][8], Decode:Decode0|RF[10][7], Decode:Decode0|RF[11][7],         ;
;                       ;                           ; Decode:Decode0|RF[12][7], Decode:Decode0|RF[13][7], Decode:Decode0|RF[14][7],         ;
;                       ;                           ; Decode:Decode0|RF[15][7], Decode:Decode0|RF[10][6], Decode:Decode0|RF[11][6],         ;
;                       ;                           ; Decode:Decode0|RF[12][6], Decode:Decode0|RF[13][6], Decode:Decode0|RF[14][6],         ;
;                       ;                           ; Decode:Decode0|RF[15][6], Decode:Decode0|RF[10][5], Decode:Decode0|RF[11][5],         ;
;                       ;                           ; Decode:Decode0|RF[12][5], Decode:Decode0|RF[13][5], Decode:Decode0|RF[14][5],         ;
;                       ;                           ; Decode:Decode0|RF[15][5], Decode:Decode0|RF[10][4], Decode:Decode0|RF[11][4],         ;
;                       ;                           ; Decode:Decode0|RF[12][4], Decode:Decode0|RF[13][4], Decode:Decode0|RF[14][4],         ;
;                       ;                           ; Decode:Decode0|RF[15][4], Decode:Decode0|RF[10][3], Decode:Decode0|RF[11][3],         ;
;                       ;                           ; Decode:Decode0|RF[12][3], Decode:Decode0|RF[13][3], Decode:Decode0|RF[14][3],         ;
;                       ;                           ; Decode:Decode0|RF[15][3], Decode:Decode0|RF[10][2], Decode:Decode0|RF[11][2],         ;
;                       ;                           ; Decode:Decode0|RF[12][2], Decode:Decode0|RF[13][2], Decode:Decode0|RF[14][2],         ;
;                       ;                           ; Decode:Decode0|RF[15][2], Decode:Decode0|RF[10][1], Decode:Decode0|RF[11][1],         ;
;                       ;                           ; Decode:Decode0|RF[12][1], Decode:Decode0|RF[13][1], Decode:Decode0|RF[14][1],         ;
;                       ;                           ; Decode:Decode0|RF[15][1], Decode:Decode0|RF[10][0], Decode:Decode0|RF[11][0],         ;
;                       ;                           ; Decode:Decode0|RF[12][0], Decode:Decode0|RF[13][0], Decode:Decode0|RF[14][0],         ;
;                       ;                           ; Decode:Decode0|RF[15][0]                                                              ;
+-----------------------+---------------------------+---------------------------------------------------------------------------------------+


+------------------------------------------------------+
; General Register Statistics                          ;
+----------------------------------------------+-------+
; Statistic                                    ; Value ;
+----------------------------------------------+-------+
; Total registers                              ; 16826 ;
; Number of registers using Synchronous Clear  ; 65    ;
; Number of registers using Synchronous Load   ; 41    ;
; Number of registers using Asynchronous Clear ; 0     ;
; Number of registers using Asynchronous Load  ; 0     ;
; Number of registers using Clock Enable       ; 16782 ;
; Number of registers using Preset             ; 0     ;
+----------------------------------------------+-------+


+---------------------------------------------------+
; Inverted Register Statistics                      ;
+-----------------------------------------+---------+
; Inverted Register                       ; Fan out ;
+-----------------------------------------+---------+
; Fetch:Fetch0|O_IR[25]                   ; 37      ;
; Fetch:Fetch0|O_IR[27]                   ; 26      ;
; Fetch:Fetch0|O_IR[28]                   ; 31      ;
; Fetch:Fetch0|O_IR[30]                   ; 32      ;
; Fetch:Fetch0|O_IR[26]                   ; 26      ;
; Fetch:Fetch0|O_IR[24]                   ; 28      ;
; Fetch:Fetch0|O_IR[29]                   ; 14      ;
; Fetch:Fetch0|O_PC[2]                    ; 2       ;
; Decode:Decode0|RF_VALID[5]              ; 4       ;
; Decode:Decode0|RF_VALID[6]              ; 4       ;
; Decode:Decode0|RF_VALID[4]              ; 4       ;
; Decode:Decode0|RF_VALID[7]              ; 4       ;
; Decode:Decode0|RF_VALID[2]              ; 4       ;
; Decode:Decode0|RF_VALID[1]              ; 4       ;
; Decode:Decode0|RF_VALID[0]              ; 4       ;
; Decode:Decode0|RF_VALID[3]              ; 4       ;
; Total number of inverted registers = 16 ;         ;
+-----------------------------------------+---------+


+-----------------------------------------------------------------------------------------------------------------------------------------------------------------------+
; Multiplexer Restructuring Statistics (Restructuring Performed)                                                                                                        ;
+--------------------+-----------+---------------+----------------------+------------------------+------------+---------------------------------------------------------+
; Multiplexer Inputs ; Bus Width ; Baseline Area ; Area if Restructured ; Saving if Restructured ; Registered ; Example Multiplexer Output                              ;
+--------------------+-----------+---------------+----------------------+------------------------+------------+---------------------------------------------------------+
; 3:1                ; 2 bits    ; 4 LEs         ; 2 LEs                ; 2 LEs                  ; Yes        ; |lg_highlevel|Fetch:Fetch0|PC[1]                        ;
; 3:1                ; 32 bits   ; 64 LEs        ; 32 LEs               ; 32 LEs                 ; Yes        ; |lg_highlevel|counter[29]                               ;
; 4:1                ; 15 bits   ; 30 LEs        ; 15 LEs               ; 15 LEs                 ; Yes        ; |lg_highlevel|Fetch:Fetch0|O_PC[10]                     ;
; 4:1                ; 22 bits   ; 44 LEs        ; 0 LEs                ; 44 LEs                 ; Yes        ; |lg_highlevel|Fetch:Fetch0|O_IR[3]                      ;
; 4:1                ; 14 bits   ; 28 LEs        ; 28 LEs               ; 0 LEs                  ; Yes        ; |lg_highlevel|Fetch:Fetch0|PC[10]                       ;
; 5:1                ; 16 bits   ; 48 LEs        ; 16 LEs               ; 32 LEs                 ; Yes        ; |lg_highlevel|Memory:Memory0|HexOut[3]                  ;
; 16:1               ; 16 bits   ; 160 LEs       ; 160 LEs              ; 0 LEs                  ; Yes        ; |lg_highlevel|Decode:Decode0|O_Src2Value[15]            ;
; 6:1                ; 10 bits   ; 40 LEs        ; 10 LEs               ; 30 LEs                 ; Yes        ; |lg_highlevel|Memory:Memory0|LedROut[9]                 ;
; 7:1                ; 8 bits    ; 32 LEs        ; 8 LEs                ; 24 LEs                 ; Yes        ; |lg_highlevel|Memory:Memory0|LedGOut[7]                 ;
; 256:1              ; 3 bits    ; 510 LEs       ; 3 LEs                ; 507 LEs                ; Yes        ; |lg_highlevel|Decode:Decode0|O_DestRegIdx[2]            ;
; 256:1              ; 16 bits   ; 2720 LEs      ; 80 LEs               ; 2640 LEs               ; Yes        ; |lg_highlevel|Execute:Execute0|O_ALUOut[9]              ;
; 263:1              ; 16 bits   ; 2800 LEs      ; 96 LEs               ; 2704 LEs               ; Yes        ; |lg_highlevel|Decode:Decode0|O_DestValue[3]             ;
; 263:1              ; 16 bits   ; 2800 LEs      ; 16 LEs               ; 2784 LEs               ; Yes        ; |lg_highlevel|Decode:Decode0|O_Imm[2]                   ;
; 4:1                ; 8 bits    ; 16 LEs        ; 0 LEs                ; 16 LEs                 ; Yes        ; |lg_highlevel|Fetch:Fetch0|O_IR[26]                     ;
; 3:1                ; 5 bits    ; 10 LEs        ; 5 LEs                ; 5 LEs                  ; No         ; |lg_highlevel|Writeback:Writeback0|O_WriteBackRegIdx[0] ;
; 8:1                ; 17 bits   ; 85 LEs        ; 85 LEs               ; 0 LEs                  ; No         ; |lg_highlevel|Decode:Decode0|Mux6                       ;
; 5:1                ; 2 bits    ; 6 LEs         ; 4 LEs                ; 2 LEs                  ; No         ; |lg_highlevel|Decode:Decode0|ConditionalCode            ;
; 131:1              ; 16 bits   ; 1392 LEs      ; 48 LEs               ; 1344 LEs               ; No         ; |lg_highlevel|Writeback:Writeback0|O_WriteBackData[11]  ;
+--------------------+-----------+---------------+----------------------+------------------------+------------+---------------------------------------------------------+


+-------------------------------------------------------------------------------+
; Parameter Settings for User Entity Instance: pll:pll0|altpll:altpll_component ;
+-------------------------------+-----------------------+-----------------------+
; Parameter Name                ; Value                 ; Type                  ;
+-------------------------------+-----------------------+-----------------------+
; OPERATION_MODE                ; NORMAL                ; Untyped               ;
; PLL_TYPE                      ; AUTO                  ; Untyped               ;
; LPM_HINT                      ; CBX_MODULE_PREFIX=pll ; Untyped               ;
; QUALIFY_CONF_DONE             ; OFF                   ; Untyped               ;
; COMPENSATE_CLOCK              ; CLK0                  ; Untyped               ;
; SCAN_CHAIN                    ; LONG                  ; Untyped               ;
; PRIMARY_CLOCK                 ; INCLK0                ; Untyped               ;
; INCLK0_INPUT_FREQUENCY        ; 10000                 ; Signed Integer        ;
; INCLK1_INPUT_FREQUENCY        ; 0                     ; Untyped               ;
; GATE_LOCK_SIGNAL              ; NO                    ; Untyped               ;
; GATE_LOCK_COUNTER             ; 0                     ; Untyped               ;
; LOCK_HIGH                     ; 1                     ; Untyped               ;
; LOCK_LOW                      ; 1                     ; Untyped               ;
; VALID_LOCK_MULTIPLIER         ; 1                     ; Signed Integer        ;
; INVALID_LOCK_MULTIPLIER       ; 5                     ; Signed Integer        ;
; SWITCH_OVER_ON_LOSSCLK        ; OFF                   ; Untyped               ;
; SWITCH_OVER_ON_GATED_LOCK     ; OFF                   ; Untyped               ;
; ENABLE_SWITCH_OVER_COUNTER    ; OFF                   ; Untyped               ;
; SKIP_VCO                      ; OFF                   ; Untyped               ;
; SWITCH_OVER_COUNTER           ; 0                     ; Untyped               ;
; SWITCH_OVER_TYPE              ; AUTO                  ; Untyped               ;
; FEEDBACK_SOURCE               ; EXTCLK0               ; Untyped               ;
; BANDWIDTH                     ; 0                     ; Untyped               ;
; BANDWIDTH_TYPE                ; AUTO                  ; Untyped               ;
; SPREAD_FREQUENCY              ; 0                     ; Untyped               ;
; DOWN_SPREAD                   ; 0                     ; Untyped               ;
; SELF_RESET_ON_GATED_LOSS_LOCK ; OFF                   ; Untyped               ;
; SELF_RESET_ON_LOSS_LOCK       ; OFF                   ; Untyped               ;
; CLK9_MULTIPLY_BY              ; 0                     ; Untyped               ;
; CLK8_MULTIPLY_BY              ; 0                     ; Untyped               ;
; CLK7_MULTIPLY_BY              ; 0                     ; Untyped               ;
; CLK6_MULTIPLY_BY              ; 0                     ; Untyped               ;
; CLK5_MULTIPLY_BY              ; 1                     ; Untyped               ;
; CLK4_MULTIPLY_BY              ; 1                     ; Untyped               ;
; CLK3_MULTIPLY_BY              ; 1                     ; Untyped               ;
; CLK2_MULTIPLY_BY              ; 1                     ; Untyped               ;
; CLK1_MULTIPLY_BY              ; 1                     ; Untyped               ;
; CLK0_MULTIPLY_BY              ; 1                     ; Signed Integer        ;
; CLK9_DIVIDE_BY                ; 0                     ; Untyped               ;
; CLK8_DIVIDE_BY                ; 0                     ; Untyped               ;
; CLK7_DIVIDE_BY                ; 0                     ; Untyped               ;
; CLK6_DIVIDE_BY                ; 0                     ; Untyped               ;
; CLK5_DIVIDE_BY                ; 1                     ; Untyped               ;
; CLK4_DIVIDE_BY                ; 1                     ; Untyped               ;
; CLK3_DIVIDE_BY                ; 1                     ; Untyped               ;
; CLK2_DIVIDE_BY                ; 1                     ; Untyped               ;
; CLK1_DIVIDE_BY                ; 1                     ; Untyped               ;
; CLK0_DIVIDE_BY                ; 1                     ; Signed Integer        ;
; CLK9_PHASE_SHIFT              ; 0                     ; Untyped               ;
; CLK8_PHASE_SHIFT              ; 0                     ; Untyped               ;
; CLK7_PHASE_SHIFT              ; 0                     ; Untyped               ;
; CLK6_PHASE_SHIFT              ; 0                     ; Untyped               ;
; CLK5_PHASE_SHIFT              ; 0                     ; Untyped               ;
; CLK4_PHASE_SHIFT              ; 0                     ; Untyped               ;
; CLK3_PHASE_SHIFT              ; 0                     ; Untyped               ;
; CLK2_PHASE_SHIFT              ; 0                     ; Untyped               ;
; CLK1_PHASE_SHIFT              ; 0                     ; Untyped               ;
; CLK0_PHASE_SHIFT              ; 0                     ; Untyped               ;
; CLK5_TIME_DELAY               ; 0                     ; Untyped               ;
; CLK4_TIME_DELAY               ; 0                     ; Untyped               ;
; CLK3_TIME_DELAY               ; 0                     ; Untyped               ;
; CLK2_TIME_DELAY               ; 0                     ; Untyped               ;
; CLK1_TIME_DELAY               ; 0                     ; Untyped               ;
; CLK0_TIME_DELAY               ; 0                     ; Untyped               ;
; CLK9_DUTY_CYCLE               ; 50                    ; Untyped               ;
; CLK8_DUTY_CYCLE               ; 50                    ; Untyped               ;
; CLK7_DUTY_CYCLE               ; 50                    ; Untyped               ;
; CLK6_DUTY_CYCLE               ; 50                    ; Untyped               ;
; CLK5_DUTY_CYCLE               ; 50                    ; Untyped               ;
; CLK4_DUTY_CYCLE               ; 50                    ; Untyped               ;
; CLK3_DUTY_CYCLE               ; 50                    ; Untyped               ;
; CLK2_DUTY_CYCLE               ; 50                    ; Untyped               ;
; CLK1_DUTY_CYCLE               ; 50                    ; Untyped               ;
; CLK0_DUTY_CYCLE               ; 50                    ; Signed Integer        ;
; CLK9_USE_EVEN_COUNTER_MODE    ; OFF                   ; Untyped               ;
; CLK8_USE_EVEN_COUNTER_MODE    ; OFF                   ; Untyped               ;
; CLK7_USE_EVEN_COUNTER_MODE    ; OFF                   ; Untyped               ;
; CLK6_USE_EVEN_COUNTER_MODE    ; OFF                   ; Untyped               ;
; CLK5_USE_EVEN_COUNTER_MODE    ; OFF                   ; Untyped               ;
; CLK4_USE_EVEN_COUNTER_MODE    ; OFF                   ; Untyped               ;
; CLK3_USE_EVEN_COUNTER_MODE    ; OFF                   ; Untyped               ;
; CLK2_USE_EVEN_COUNTER_MODE    ; OFF                   ; Untyped               ;
; CLK1_USE_EVEN_COUNTER_MODE    ; OFF                   ; Untyped               ;
; CLK0_USE_EVEN_COUNTER_MODE    ; OFF                   ; Untyped               ;
; CLK9_USE_EVEN_COUNTER_VALUE   ; OFF                   ; Untyped               ;
; CLK8_USE_EVEN_COUNTER_VALUE   ; OFF                   ; Untyped               ;
; CLK7_USE_EVEN_COUNTER_VALUE   ; OFF                   ; Untyped               ;
; CLK6_USE_EVEN_COUNTER_VALUE   ; OFF                   ; Untyped               ;
; CLK5_USE_EVEN_COUNTER_VALUE   ; OFF                   ; Untyped               ;
; CLK4_USE_EVEN_COUNTER_VALUE   ; OFF                   ; Untyped               ;
; CLK3_USE_EVEN_COUNTER_VALUE   ; OFF                   ; Untyped               ;
; CLK2_USE_EVEN_COUNTER_VALUE   ; OFF                   ; Untyped               ;
; CLK1_USE_EVEN_COUNTER_VALUE   ; OFF                   ; Untyped               ;
; CLK0_USE_EVEN_COUNTER_VALUE   ; OFF                   ; Untyped               ;
; LOCK_WINDOW_UI                ;  0.05                 ; Untyped               ;
; LOCK_WINDOW_UI_BITS           ; UNUSED                ; Untyped               ;
; VCO_RANGE_DETECTOR_LOW_BITS   ; UNUSED                ; Untyped               ;
; VCO_RANGE_DETECTOR_HIGH_BITS  ; UNUSED                ; Untyped               ;
; DPA_MULTIPLY_BY               ; 0                     ; Untyped               ;
; DPA_DIVIDE_BY                 ; 1                     ; Untyped               ;
; DPA_DIVIDER                   ; 0                     ; Untyped               ;
; EXTCLK3_MULTIPLY_BY           ; 1                     ; Untyped               ;
; EXTCLK2_MULTIPLY_BY           ; 1                     ; Untyped               ;
; EXTCLK1_MULTIPLY_BY           ; 1                     ; Untyped               ;
; EXTCLK0_MULTIPLY_BY           ; 1                     ; Untyped               ;
; EXTCLK3_DIVIDE_BY             ; 1                     ; Untyped               ;
; EXTCLK2_DIVIDE_BY             ; 1                     ; Untyped               ;
; EXTCLK1_DIVIDE_BY             ; 1                     ; Untyped               ;
; EXTCLK0_DIVIDE_BY             ; 1                     ; Untyped               ;
; EXTCLK3_PHASE_SHIFT           ; 0                     ; Untyped               ;
; EXTCLK2_PHASE_SHIFT           ; 0                     ; Untyped               ;
; EXTCLK1_PHASE_SHIFT           ; 0                     ; Untyped               ;
; EXTCLK0_PHASE_SHIFT           ; 0                     ; Untyped               ;
; EXTCLK3_TIME_DELAY            ; 0                     ; Untyped               ;
; EXTCLK2_TIME_DELAY            ; 0                     ; Untyped               ;
; EXTCLK1_TIME_DELAY            ; 0                     ; Untyped               ;
; EXTCLK0_TIME_DELAY            ; 0                     ; Untyped               ;
; EXTCLK3_DUTY_CYCLE            ; 50                    ; Untyped               ;
; EXTCLK2_DUTY_CYCLE            ; 50                    ; Untyped               ;
; EXTCLK1_DUTY_CYCLE            ; 50                    ; Untyped               ;
; EXTCLK0_DUTY_CYCLE            ; 50                    ; Untyped               ;
; VCO_MULTIPLY_BY               ; 0                     ; Untyped               ;
; VCO_DIVIDE_BY                 ; 0                     ; Untyped               ;
; SCLKOUT0_PHASE_SHIFT          ; 0                     ; Untyped               ;
; SCLKOUT1_PHASE_SHIFT          ; 0                     ; Untyped               ;
; VCO_MIN                       ; 0                     ; Untyped               ;
; VCO_MAX                       ; 0                     ; Untyped               ;
; VCO_CENTER                    ; 0                     ; Untyped               ;
; PFD_MIN                       ; 0                     ; Untyped               ;
; PFD_MAX                       ; 0                     ; Untyped               ;
; M_INITIAL                     ; 0                     ; Untyped               ;
; M                             ; 0                     ; Untyped               ;
; N                             ; 1                     ; Untyped               ;
; M2                            ; 1                     ; Untyped               ;
; N2                            ; 1                     ; Untyped               ;
; SS                            ; 1                     ; Untyped               ;
; C0_HIGH                       ; 0                     ; Untyped               ;
; C1_HIGH                       ; 0                     ; Untyped               ;
; C2_HIGH                       ; 0                     ; Untyped               ;
; C3_HIGH                       ; 0                     ; Untyped               ;
; C4_HIGH                       ; 0                     ; Untyped               ;
; C5_HIGH                       ; 0                     ; Untyped               ;
; C6_HIGH                       ; 0                     ; Untyped               ;
; C7_HIGH                       ; 0                     ; Untyped               ;
; C8_HIGH                       ; 0                     ; Untyped               ;
; C9_HIGH                       ; 0                     ; Untyped               ;
; C0_LOW                        ; 0                     ; Untyped               ;
; C1_LOW                        ; 0                     ; Untyped               ;
; C2_LOW                        ; 0                     ; Untyped               ;
; C3_LOW                        ; 0                     ; Untyped               ;
; C4_LOW                        ; 0                     ; Untyped               ;
; C5_LOW                        ; 0                     ; Untyped               ;
; C6_LOW                        ; 0                     ; Untyped               ;
; C7_LOW                        ; 0                     ; Untyped               ;
; C8_LOW                        ; 0                     ; Untyped               ;
; C9_LOW                        ; 0                     ; Untyped               ;
; C0_INITIAL                    ; 0                     ; Untyped               ;
; C1_INITIAL                    ; 0                     ; Untyped               ;
; C2_INITIAL                    ; 0                     ; Untyped               ;
; C3_INITIAL                    ; 0                     ; Untyped               ;
; C4_INITIAL                    ; 0                     ; Untyped               ;
; C5_INITIAL                    ; 0                     ; Untyped               ;
; C6_INITIAL                    ; 0                     ; Untyped               ;
; C7_INITIAL                    ; 0                     ; Untyped               ;
; C8_INITIAL                    ; 0                     ; Untyped               ;
; C9_INITIAL                    ; 0                     ; Untyped               ;
; C0_MODE                       ; BYPASS                ; Untyped               ;
; C1_MODE                       ; BYPASS                ; Untyped               ;
; C2_MODE                       ; BYPASS                ; Untyped               ;
; C3_MODE                       ; BYPASS                ; Untyped               ;
; C4_MODE                       ; BYPASS                ; Untyped               ;
; C5_MODE                       ; BYPASS                ; Untyped               ;
; C6_MODE                       ; BYPASS                ; Untyped               ;
; C7_MODE                       ; BYPASS                ; Untyped               ;
; C8_MODE                       ; BYPASS                ; Untyped               ;
; C9_MODE                       ; BYPASS                ; Untyped               ;
; C0_PH                         ; 0                     ; Untyped               ;
; C1_PH                         ; 0                     ; Untyped               ;
; C2_PH                         ; 0                     ; Untyped               ;
; C3_PH                         ; 0                     ; Untyped               ;
; C4_PH                         ; 0                     ; Untyped               ;
; C5_PH                         ; 0                     ; Untyped               ;
; C6_PH                         ; 0                     ; Untyped               ;
; C7_PH                         ; 0                     ; Untyped               ;
; C8_PH                         ; 0                     ; Untyped               ;
; C9_PH                         ; 0                     ; Untyped               ;
; L0_HIGH                       ; 1                     ; Untyped               ;
; L1_HIGH                       ; 1                     ; Untyped               ;
; G0_HIGH                       ; 1                     ; Untyped               ;
; G1_HIGH                       ; 1                     ; Untyped               ;
; G2_HIGH                       ; 1                     ; Untyped               ;
; G3_HIGH                       ; 1                     ; Untyped               ;
; E0_HIGH                       ; 1                     ; Untyped               ;
; E1_HIGH                       ; 1                     ; Untyped               ;
; E2_HIGH                       ; 1                     ; Untyped               ;
; E3_HIGH                       ; 1                     ; Untyped               ;
; L0_LOW                        ; 1                     ; Untyped               ;
; L1_LOW                        ; 1                     ; Untyped               ;
; G0_LOW                        ; 1                     ; Untyped               ;
; G1_LOW                        ; 1                     ; Untyped               ;
; G2_LOW                        ; 1                     ; Untyped               ;
; G3_LOW                        ; 1                     ; Untyped               ;
; E0_LOW                        ; 1                     ; Untyped               ;
; E1_LOW                        ; 1                     ; Untyped               ;
; E2_LOW                        ; 1                     ; Untyped               ;
; E3_LOW                        ; 1                     ; Untyped               ;
; L0_INITIAL                    ; 1                     ; Untyped               ;
; L1_INITIAL                    ; 1                     ; Untyped               ;
; G0_INITIAL                    ; 1                     ; Untyped               ;
; G1_INITIAL                    ; 1                     ; Untyped               ;
; G2_INITIAL                    ; 1                     ; Untyped               ;
; G3_INITIAL                    ; 1                     ; Untyped               ;
; E0_INITIAL                    ; 1                     ; Untyped               ;
; E1_INITIAL                    ; 1                     ; Untyped               ;
; E2_INITIAL                    ; 1                     ; Untyped               ;
; E3_INITIAL                    ; 1                     ; Untyped               ;
; L0_MODE                       ; BYPASS                ; Untyped               ;
; L1_MODE                       ; BYPASS                ; Untyped               ;
; G0_MODE                       ; BYPASS                ; Untyped               ;
; G1_MODE                       ; BYPASS                ; Untyped               ;
; G2_MODE                       ; BYPASS                ; Untyped               ;
; G3_MODE                       ; BYPASS                ; Untyped               ;
; E0_MODE                       ; BYPASS                ; Untyped               ;
; E1_MODE                       ; BYPASS                ; Untyped               ;
; E2_MODE                       ; BYPASS                ; Untyped               ;
; E3_MODE                       ; BYPASS                ; Untyped               ;
; L0_PH                         ; 0                     ; Untyped               ;
; L1_PH                         ; 0                     ; Untyped               ;
; G0_PH                         ; 0                     ; Untyped               ;
; G1_PH                         ; 0                     ; Untyped               ;
; G2_PH                         ; 0                     ; Untyped               ;
; G3_PH                         ; 0                     ; Untyped               ;
; E0_PH                         ; 0                     ; Untyped               ;
; E1_PH                         ; 0                     ; Untyped               ;
; E2_PH                         ; 0                     ; Untyped               ;
; E3_PH                         ; 0                     ; Untyped               ;
; M_PH                          ; 0                     ; Untyped               ;
; C1_USE_CASC_IN                ; OFF                   ; Untyped               ;
; C2_USE_CASC_IN                ; OFF                   ; Untyped               ;
; C3_USE_CASC_IN                ; OFF                   ; Untyped               ;
; C4_USE_CASC_IN                ; OFF                   ; Untyped               ;
; C5_USE_CASC_IN                ; OFF                   ; Untyped               ;
; C6_USE_CASC_IN                ; OFF                   ; Untyped               ;
; C7_USE_CASC_IN                ; OFF                   ; Untyped               ;
; C8_USE_CASC_IN                ; OFF                   ; Untyped               ;
; C9_USE_CASC_IN                ; OFF                   ; Untyped               ;
; CLK0_COUNTER                  ; G0                    ; Untyped               ;
; CLK1_COUNTER                  ; G0                    ; Untyped               ;
; CLK2_COUNTER                  ; G0                    ; Untyped               ;
; CLK3_COUNTER                  ; G0                    ; Untyped               ;
; CLK4_COUNTER                  ; G0                    ; Untyped               ;
; CLK5_COUNTER                  ; G0                    ; Untyped               ;
; CLK6_COUNTER                  ; E0                    ; Untyped               ;
; CLK7_COUNTER                  ; E1                    ; Untyped               ;
; CLK8_COUNTER                  ; E2                    ; Untyped               ;
; CLK9_COUNTER                  ; E3                    ; Untyped               ;
; L0_TIME_DELAY                 ; 0                     ; Untyped               ;
; L1_TIME_DELAY                 ; 0                     ; Untyped               ;
; G0_TIME_DELAY                 ; 0                     ; Untyped               ;
; G1_TIME_DELAY                 ; 0                     ; Untyped               ;
; G2_TIME_DELAY                 ; 0                     ; Untyped               ;
; G3_TIME_DELAY                 ; 0                     ; Untyped               ;
; E0_TIME_DELAY                 ; 0                     ; Untyped               ;
; E1_TIME_DELAY                 ; 0                     ; Untyped               ;
; E2_TIME_DELAY                 ; 0                     ; Untyped               ;
; E3_TIME_DELAY                 ; 0                     ; Untyped               ;
; M_TIME_DELAY                  ; 0                     ; Untyped               ;
; N_TIME_DELAY                  ; 0                     ; Untyped               ;
; EXTCLK3_COUNTER               ; E3                    ; Untyped               ;
; EXTCLK2_COUNTER               ; E2                    ; Untyped               ;
; EXTCLK1_COUNTER               ; E1                    ; Untyped               ;
; EXTCLK0_COUNTER               ; E0                    ; Untyped               ;
; ENABLE0_COUNTER               ; L0                    ; Untyped               ;
; ENABLE1_COUNTER               ; L0                    ; Untyped               ;
; CHARGE_PUMP_CURRENT           ; 2                     ; Untyped               ;
; LOOP_FILTER_R                 ;  1.000000             ; Untyped               ;
; LOOP_FILTER_C                 ; 5                     ; Untyped               ;
; CHARGE_PUMP_CURRENT_BITS      ; 9999                  ; Untyped               ;
; LOOP_FILTER_R_BITS            ; 9999                  ; Untyped               ;
; LOOP_FILTER_C_BITS            ; 9999                  ; Untyped               ;
; VCO_POST_SCALE                ; 0                     ; Untyped               ;
; CLK2_OUTPUT_FREQUENCY         ; 0                     ; Untyped               ;
; CLK1_OUTPUT_FREQUENCY         ; 0                     ; Untyped               ;
; CLK0_OUTPUT_FREQUENCY         ; 0                     ; Untyped               ;
; INTENDED_DEVICE_FAMILY        ; Cyclone II            ; Untyped               ;
; PORT_CLKENA0                  ; PORT_UNUSED           ; Untyped               ;
; PORT_CLKENA1                  ; PORT_UNUSED           ; Untyped               ;
; PORT_CLKENA2                  ; PORT_UNUSED           ; Untyped               ;
; PORT_CLKENA3                  ; PORT_UNUSED           ; Untyped               ;
; PORT_CLKENA4                  ; PORT_UNUSED           ; Untyped               ;
; PORT_CLKENA5                  ; PORT_UNUSED           ; Untyped               ;
; PORT_EXTCLKENA0               ; PORT_CONNECTIVITY     ; Untyped               ;
; PORT_EXTCLKENA1               ; PORT_CONNECTIVITY     ; Untyped               ;
; PORT_EXTCLKENA2               ; PORT_CONNECTIVITY     ; Untyped               ;
; PORT_EXTCLKENA3               ; PORT_CONNECTIVITY     ; Untyped               ;
; PORT_EXTCLK0                  ; PORT_UNUSED           ; Untyped               ;
; PORT_EXTCLK1                  ; PORT_UNUSED           ; Untyped               ;
; PORT_EXTCLK2                  ; PORT_UNUSED           ; Untyped               ;
; PORT_EXTCLK3                  ; PORT_UNUSED           ; Untyped               ;
; PORT_CLKBAD0                  ; PORT_UNUSED           ; Untyped               ;
; PORT_CLKBAD1                  ; PORT_UNUSED           ; Untyped               ;
; PORT_CLK0                     ; PORT_USED             ; Untyped               ;
; PORT_CLK1                     ; PORT_UNUSED           ; Untyped               ;
; PORT_CLK2                     ; PORT_UNUSED           ; Untyped               ;
; PORT_CLK3                     ; PORT_UNUSED           ; Untyped               ;
; PORT_CLK4                     ; PORT_UNUSED           ; Untyped               ;
; PORT_CLK5                     ; PORT_UNUSED           ; Untyped               ;
; PORT_CLK6                     ; PORT_UNUSED           ; Untyped               ;
; PORT_CLK7                     ; PORT_UNUSED           ; Untyped               ;
; PORT_CLK8                     ; PORT_UNUSED           ; Untyped               ;
; PORT_CLK9                     ; PORT_UNUSED           ; Untyped               ;
; PORT_SCANDATA                 ; PORT_UNUSED           ; Untyped               ;
; PORT_SCANDATAOUT              ; PORT_UNUSED           ; Untyped               ;
; PORT_SCANDONE                 ; PORT_UNUSED           ; Untyped               ;
; PORT_SCLKOUT1                 ; PORT_CONNECTIVITY     ; Untyped               ;
; PORT_SCLKOUT0                 ; PORT_CONNECTIVITY     ; Untyped               ;
; PORT_ACTIVECLOCK              ; PORT_UNUSED           ; Untyped               ;
; PORT_CLKLOSS                  ; PORT_UNUSED           ; Untyped               ;
; PORT_INCLK1                   ; PORT_UNUSED           ; Untyped               ;
; PORT_INCLK0                   ; PORT_USED             ; Untyped               ;
; PORT_FBIN                     ; PORT_UNUSED           ; Untyped               ;
; PORT_PLLENA                   ; PORT_UNUSED           ; Untyped               ;
; PORT_CLKSWITCH                ; PORT_UNUSED           ; Untyped               ;
; PORT_ARESET                   ; PORT_USED             ; Untyped               ;
; PORT_PFDENA                   ; PORT_UNUSED           ; Untyped               ;
; PORT_SCANCLK                  ; PORT_UNUSED           ; Untyped               ;
; PORT_SCANACLR                 ; PORT_UNUSED           ; Untyped               ;
; PORT_SCANREAD                 ; PORT_UNUSED           ; Untyped               ;
; PORT_SCANWRITE                ; PORT_UNUSED           ; Untyped               ;
; PORT_ENABLE0                  ; PORT_CONNECTIVITY     ; Untyped               ;
; PORT_ENABLE1                  ; PORT_CONNECTIVITY     ; Untyped               ;
; PORT_LOCKED                   ; PORT_USED             ; Untyped               ;
; PORT_CONFIGUPDATE             ; PORT_UNUSED           ; Untyped               ;
; PORT_FBOUT                    ; PORT_CONNECTIVITY     ; Untyped               ;
; PORT_PHASEDONE                ; PORT_UNUSED           ; Untyped               ;
; PORT_PHASESTEP                ; PORT_UNUSED           ; Untyped               ;
; PORT_PHASEUPDOWN              ; PORT_UNUSED           ; Untyped               ;
; PORT_SCANCLKENA               ; PORT_UNUSED           ; Untyped               ;
; PORT_PHASECOUNTERSELECT       ; PORT_UNUSED           ; Untyped               ;
; PORT_VCOOVERRANGE             ; PORT_CONNECTIVITY     ; Untyped               ;
; PORT_VCOUNDERRANGE            ; PORT_CONNECTIVITY     ; Untyped               ;
; M_TEST_SOURCE                 ; 5                     ; Untyped               ;
; C0_TEST_SOURCE                ; 5                     ; Untyped               ;
; C1_TEST_SOURCE                ; 5                     ; Untyped               ;
; C2_TEST_SOURCE                ; 5                     ; Untyped               ;
; C3_TEST_SOURCE                ; 5                     ; Untyped               ;
; C4_TEST_SOURCE                ; 5                     ; Untyped               ;
; C5_TEST_SOURCE                ; 5                     ; Untyped               ;
; C6_TEST_SOURCE                ; 5                     ; Untyped               ;
; C7_TEST_SOURCE                ; 5                     ; Untyped               ;
; C8_TEST_SOURCE                ; 5                     ; Untyped               ;
; C9_TEST_SOURCE                ; 5                     ; Untyped               ;
; CBXI_PARAMETER                ; NOTHING               ; Untyped               ;
; VCO_FREQUENCY_CONTROL         ; AUTO                  ; Untyped               ;
; VCO_PHASE_SHIFT_STEP          ; 0                     ; Untyped               ;
; WIDTH_CLOCK                   ; 6                     ; Untyped               ;
; WIDTH_PHASECOUNTERSELECT      ; 4                     ; Untyped               ;
; USING_FBMIMICBIDIR_PORT       ; OFF                   ; Untyped               ;
; DEVICE_FAMILY                 ; Cyclone II            ; Untyped               ;
; SCAN_CHAIN_MIF_FILE           ; UNUSED                ; Untyped               ;
; SIM_GATE_LOCK_DEVICE_BEHAVIOR ; OFF                   ; Untyped               ;
; AUTO_CARRY_CHAINS             ; ON                    ; AUTO_CARRY            ;
; IGNORE_CARRY_BUFFERS          ; OFF                   ; IGNORE_CARRY          ;
; AUTO_CASCADE_CHAINS           ; ON                    ; AUTO_CASCADE          ;
; IGNORE_CASCADE_BUFFERS        ; OFF                   ; IGNORE_CASCADE        ;
+-------------------------------+-----------------------+-----------------------+
Note: In order to hide this table in the UI and the text report file, please set the "Show Parameter Settings in Synthesis Report" option in "Analysis and Synthesis Settings -> More Settings" to "Off".


+------------------------------------------------------------------+
; altpll Parameter Settings by Entity Instance                     ;
+-------------------------------+----------------------------------+
; Name                          ; Value                            ;
+-------------------------------+----------------------------------+
; Number of entity instances    ; 1                                ;
; Entity Instance               ; pll:pll0|altpll:altpll_component ;
;     -- OPERATION_MODE         ; NORMAL                           ;
;     -- PLL_TYPE               ; AUTO                             ;
;     -- PRIMARY_CLOCK          ; INCLK0                           ;
;     -- INCLK0_INPUT_FREQUENCY ; 10000                            ;
;     -- INCLK1_INPUT_FREQUENCY ; 0                                ;
;     -- VCO_MULTIPLY_BY        ; 0                                ;
;     -- VCO_DIVIDE_BY          ; 0                                ;
+-------------------------------+----------------------------------+


+-------------------------------------------------------------------------------------------------------------------------------------------------------+
; Port Connectivity Checks: "Decode:Decode0|SignExtension:SE0"                                                                                          ;
+------+--------+----------+----------------------------------------------------------------------------------------------------------------------------+
; Port ; Type   ; Severity ; Details                                                                                                                    ;
+------+--------+----------+----------------------------------------------------------------------------------------------------------------------------+
; Out  ; Output ; Warning  ; Output or bidir port (32 bits) is wider than the port expression (16 bits) it drives; bit(s) "Out[31..16]" have no fanouts ;
; Out  ; Output ; Info     ; Connected to dangling logic. Logic that only feeds a dangling port will be removed.                                        ;
+------+--------+----------+----------------------------------------------------------------------------------------------------------------------------+


+--------------------------------------------------------------------------------------------------------------------------------------------------------------------------+
; Port Connectivity Checks: "pll:pll0"                                                                                                                                     ;
+--------+-------+----------+----------------------------------------------------------------------------------------------------------------------------------------------+
; Port   ; Type  ; Severity ; Details                                                                                                                                      ;
+--------+-------+----------+----------------------------------------------------------------------------------------------------------------------------------------------+
; areset ; Input ; Warning  ; Declared by entity but not connected by instance. If a default value exists, it will be used.  Otherwise, the port will be connected to GND. ;
+--------+-------+----------+----------------------------------------------------------------------------------------------------------------------------------------------+


+-------------------------------+
; Elapsed Time Per Partition    ;
+----------------+--------------+
; Partition Name ; Elapsed Time ;
+----------------+--------------+
; Top            ; 00:00:48     ;
+----------------+--------------+


+-------------------------------+
; Analysis & Synthesis Messages ;
+-------------------------------+
Info: *******************************************************************
Info: Running Quartus II 32-bit Analysis & Synthesis
    Info: Version 12.1 Build 177 11/07/2012 SJ Web Edition
    Info: Processing started: Wed Mar 27 20:58:13 2013
Info: Command: quartus_map --read_settings_files=on --write_settings_files=off lg_highlevel -c lg_highlevel
Warning (20028): Parallel compilation is not licensed and has been disabled
Info (12021): Found 1 design units, including 1 entities, in source file seven_segment.v
    Info (12023): Found entity 1: SevenSeg
Info (12021): Found 1 design units, including 1 entities, in source file writeback.v
    Info (12023): Found entity 1: Writeback
Info (12021): Found 1 design units, including 1 entities, in source file memory.v
    Info (12023): Found entity 1: Memory
Info (12021): Found 1 design units, including 1 entities, in source file execute.v
    Info (12023): Found entity 1: Execute
Info (12021): Found 1 design units, including 1 entities, in source file sign_extension.v
    Info (12023): Found entity 1: SignExtension
Info (12021): Found 1 design units, including 1 entities, in source file decode.v
    Info (12023): Found entity 1: Decode
Info (12021): Found 1 design units, including 1 entities, in source file lg_highlevel.v
    Info (12023): Found entity 1: lg_highlevel
Info (12021): Found 1 design units, including 1 entities, in source file fetch.v
    Info (12023): Found entity 1: Fetch
Info (12021): Found 1 design units, including 1 entities, in source file pll.v
    Info (12023): Found entity 1: pll
Info (12127): Elaborating entity "lg_highlevel" for the top level hierarchy
Warning (10175): Verilog HDL warning at lg_highlevel.v(30): ignoring unsupported system task
Warning (10755): Verilog HDL warning at lg_highlevel.v(34): assignments to test_clock create a combinational loop
Info (12128): Elaborating entity "pll" for hierarchy "pll:pll0"
Info (12128): Elaborating entity "altpll" for hierarchy "pll:pll0|altpll:altpll_component"
Info (12130): Elaborated megafunction instantiation "pll:pll0|altpll:altpll_component"
Info (12133): Instantiated megafunction "pll:pll0|altpll:altpll_component" with the following parameter:
    Info (12134): Parameter "clk0_divide_by" = "1"
    Info (12134): Parameter "clk0_duty_cycle" = "50"
    Info (12134): Parameter "clk0_multiply_by" = "1"
    Info (12134): Parameter "clk0_phase_shift" = "0"
    Info (12134): Parameter "compensate_clock" = "CLK0"
    Info (12134): Parameter "gate_lock_signal" = "NO"
    Info (12134): Parameter "inclk0_input_frequency" = "10000"
    Info (12134): Parameter "intended_device_family" = "Cyclone II"
    Info (12134): Parameter "invalid_lock_multiplier" = "5"
    Info (12134): Parameter "lpm_hint" = "CBX_MODULE_PREFIX=pll"
    Info (12134): Parameter "lpm_type" = "altpll"
    Info (12134): Parameter "operation_mode" = "NORMAL"
    Info (12134): Parameter "port_activeclock" = "PORT_UNUSED"
    Info (12134): Parameter "port_areset" = "PORT_USED"
    Info (12134): Parameter "port_clkbad0" = "PORT_UNUSED"
    Info (12134): Parameter "port_clkbad1" = "PORT_UNUSED"
    Info (12134): Parameter "port_clkloss" = "PORT_UNUSED"
    Info (12134): Parameter "port_clkswitch" = "PORT_UNUSED"
    Info (12134): Parameter "port_configupdate" = "PORT_UNUSED"
    Info (12134): Parameter "port_fbin" = "PORT_UNUSED"
    Info (12134): Parameter "port_inclk0" = "PORT_USED"
    Info (12134): Parameter "port_inclk1" = "PORT_UNUSED"
    Info (12134): Parameter "port_locked" = "PORT_USED"
    Info (12134): Parameter "port_pfdena" = "PORT_UNUSED"
    Info (12134): Parameter "port_phasecounterselect" = "PORT_UNUSED"
    Info (12134): Parameter "port_phasedone" = "PORT_UNUSED"
    Info (12134): Parameter "port_phasestep" = "PORT_UNUSED"
    Info (12134): Parameter "port_phaseupdown" = "PORT_UNUSED"
    Info (12134): Parameter "port_pllena" = "PORT_UNUSED"
    Info (12134): Parameter "port_scanaclr" = "PORT_UNUSED"
    Info (12134): Parameter "port_scanclk" = "PORT_UNUSED"
    Info (12134): Parameter "port_scanclkena" = "PORT_UNUSED"
    Info (12134): Parameter "port_scandata" = "PORT_UNUSED"
    Info (12134): Parameter "port_scandataout" = "PORT_UNUSED"
    Info (12134): Parameter "port_scandone" = "PORT_UNUSED"
    Info (12134): Parameter "port_scanread" = "PORT_UNUSED"
    Info (12134): Parameter "port_scanwrite" = "PORT_UNUSED"
    Info (12134): Parameter "port_clk0" = "PORT_USED"
    Info (12134): Parameter "port_clk1" = "PORT_UNUSED"
    Info (12134): Parameter "port_clk2" = "PORT_UNUSED"
    Info (12134): Parameter "port_clk3" = "PORT_UNUSED"
    Info (12134): Parameter "port_clk4" = "PORT_UNUSED"
    Info (12134): Parameter "port_clk5" = "PORT_UNUSED"
    Info (12134): Parameter "port_clkena0" = "PORT_UNUSED"
    Info (12134): Parameter "port_clkena1" = "PORT_UNUSED"
    Info (12134): Parameter "port_clkena2" = "PORT_UNUSED"
    Info (12134): Parameter "port_clkena3" = "PORT_UNUSED"
    Info (12134): Parameter "port_clkena4" = "PORT_UNUSED"
    Info (12134): Parameter "port_clkena5" = "PORT_UNUSED"
    Info (12134): Parameter "port_extclk0" = "PORT_UNUSED"
    Info (12134): Parameter "port_extclk1" = "PORT_UNUSED"
    Info (12134): Parameter "port_extclk2" = "PORT_UNUSED"
    Info (12134): Parameter "port_extclk3" = "PORT_UNUSED"
    Info (12134): Parameter "valid_lock_multiplier" = "1"
Info (12128): Elaborating entity "Fetch" for hierarchy "Fetch:Fetch0"
Warning (10850): Verilog HDL warning at fetch.v(58): number of words (34) in memory file does not match the number of elements in the address range [0:511]
Warning (10030): Net "InstMem.data_a" at fetch.v(48) has no driver or initial value, using a default initial value '0'
Warning (10030): Net "InstMem.waddr_a" at fetch.v(48) has no driver or initial value, using a default initial value '0'
Warning (10030): Net "InstMem.we_a" at fetch.v(48) has no driver or initial value, using a default initial value '0'
Info (12128): Elaborating entity "Decode" for hierarchy "Decode:Decode0"
Warning (10036): Verilog HDL or VHDL warning at decode.v(70): object "VRF" assigned a value but never read
Warning (10036): Verilog HDL or VHDL warning at decode.v(74): object "VRF_VALID" assigned a value but never read
Warning (10230): Verilog HDL assignment warning at decode.v(377): truncated value with size 32 to match size of target (16)
Warning (10230): Verilog HDL assignment warning at decode.v(378): truncated value with size 32 to match size of target (16)
Warning (10230): Verilog HDL assignment warning at decode.v(379): truncated value with size 32 to match size of target (16)
Warning (10230): Verilog HDL assignment warning at decode.v(380): truncated value with size 32 to match size of target (16)
Warning (10230): Verilog HDL assignment warning at decode.v(381): truncated value with size 32 to match size of target (16)
Warning (10230): Verilog HDL assignment warning at decode.v(382): truncated value with size 32 to match size of target (16)
Warning (10230): Verilog HDL assignment warning at decode.v(383): truncated value with size 32 to match size of target (16)
Info (12128): Elaborating entity "SignExtension" for hierarchy "Decode:Decode0|SignExtension:SE0"
Info (12128): Elaborating entity "Execute" for hierarchy "Execute:Execute0"
Info (12128): Elaborating entity "Memory" for hierarchy "Memory:Memory0"
Warning (10850): Verilog HDL warning at memory.v(73): number of words (16) in memory file does not match the number of elements in the address range [0:1023]
Warning (10230): Verilog HDL assignment warning at memory.v(246): truncated value with size 16 to match size of target (10)
Warning (10230): Verilog HDL assignment warning at memory.v(248): truncated value with size 16 to match size of target (8)
Info (12128): Elaborating entity "SevenSeg" for hierarchy "Memory:Memory0|SevenSeg:sseg0"
Info (12128): Elaborating entity "Writeback" for hierarchy "Writeback:Writeback0"
Info (276014): Found 1 instances of uninferred RAM logic
    Info (276007): RAM logic "Memory:Memory0|DataMem" is uninferred due to asynchronous read logic
Warning (127007): Memory Initialization File or Hexadecimal (Intel-Format) File "C:/Users/Chris/Dropbox/CS 3220/Assignment 5/homework5_v3/db/lg_highlevel.ram0_Fetch_4c7a7c9.hdl.mif" contains "don't care" values -- overwriting them with 0s
Warning (127007): Memory Initialization File or Hexadecimal (Intel-Format) File "C:/Users/Chris/Dropbox/CS 3220/Assignment 5/homework5_v3/db/lg_highlevel.ram0_Memory_a0c6519c.hdl.mif" contains "don't care" values -- overwriting them with 0s
Warning (12241): 2 hierarchies have connectivity warnings - see the Connectivity Checks report folder
Info (17026): Resynthesizing 0 WYSIWYG logic cells and I/Os using "speed" technology mapper which leaves 0 WYSIWYG logic cells and I/Os untouched
Info (17049): 1 registers lost all their fanouts during netlist optimizations.
Info (16010): Generating hard_block partition "hard_block:auto_generated_inst"
    Info (16011): Adding 1 node(s), including 0 DDIO, 1 PLL, 0 transceiver and 0 LCELL
Warning (21074): Design contains 2 input pin(s) that do not drive logic
    Warning (15610): No output dependent on input pin "CLOCK_27[0]"
    Warning (15610): No output dependent on input pin "CLOCK_27[1]"
Info (21057): Implemented 29548 device resources after synthesis - the final resource count might be different
    Info (21058): Implemented 3 input pins
    Info (21059): Implemented 46 output pins
    Info (21061): Implemented 29498 logic cells
    Info (21065): Implemented 1 PLLs
Info: Quartus II 32-bit Analysis & Synthesis was successful. 0 errors, 25 warnings
    Info: Peak virtual memory: 414 megabytes
    Info: Processing ended: Wed Mar 27 20:59:08 2013
    Info: Elapsed time: 00:00:55
    Info: Total CPU time (on all processors): 00:00:54


